00000000000i[     ] Bochs x86 Emulator 2.6
00000000000i[     ]   Built from SVN snapshot on September 2nd, 2012
00000000000i[     ] Compiled on Feb 23 2014 at 16:58:20
00000000000i[     ] System configuration
00000000000i[     ]   processors: 1 (cores=1, HT threads=1)
00000000000i[     ]   A20 line support: yes
00000000000i[     ] IPS is set to 50000000
00000000000i[     ] CPU configuration
00000000000i[     ]   level: 6
00000000000i[     ]   SMP support: no
00000000000i[     ]   APIC support: xapic
00000000000i[     ]   FPU support: yes
00000000000i[     ]   MMX support: yes
00000000000i[     ]   3dnow! support: no
00000000000i[     ]   SEP support: yes
00000000000i[     ]   SSE support: sse2
00000000000i[     ]   XSAVE support: no 
00000000000i[     ]   AES support: no
00000000000i[     ]   MOVBE support: no
00000000000i[     ]   ADX support: no
00000000000i[     ]   x86-64 support: no
00000000000i[     ]   MWAIT support: yes
00000000000i[     ] Optimization configuration
00000000000i[     ]   RepeatSpeedups support: no
00000000000i[     ]   Fast function calls: no
00000000000i[     ]   Handlers Chaining speedups: no
00000000000i[     ] Devices configuration
00000000000i[     ]   NE2000 support: no
00000000000i[     ]   PCI support: no, enabled=yes
00000000000i[     ]   SB16 support: no
00000000000i[     ]   USB support: no
00000000000i[     ]   VGA extension support: vbe 
00000000000i[MEM0 ] allocated memory at 0xb50e1008. after alignment, vector=0xb50e2000
00000000000i[MEM0 ] 24.00MB
00000000000i[MEM0 ] mem block size = 0x00100000, blocks=24
00000000000i[MEM0 ] rom at 0xfffe0000/131072 ('/usr/local/share/bochs/BIOS-bochs-latest')
00000000000e[DEV  ] Bochs is not compiled with PCI support
00000000000i[     ] init_dev of 'cmos' plugin device by virtual method
00000000000i[CMOS ] Using local time for initial clock
00000000000i[CMOS ] Setting initial clock to: Sun Feb 23 19:50:07 2014 (time0=1393156207)
00000000000i[     ] init_dev of 'dma' plugin device by virtual method
00000000000i[DMA  ] channel 4 used by cascade
00000000000i[     ] init_dev of 'pic' plugin device by virtual method
00000000000i[     ] init_dev of 'pit' plugin device by virtual method
00000000000i[     ] init_dev of 'floppy' plugin device by virtual method
00000000000i[DMA  ] channel 2 used by Floppy Drive
00000000000i[     ] init_dev of 'vga' plugin device by virtual method
00000000000i[MEM0 ] Register memory access handlers: 0x00000000000a0000 - 0x00000000000bffff
00000000000i[VGA  ] interval=40000
00000000000i[MEM0 ] Register memory access handlers: 0x00000000e0000000 - 0x00000000e0ffffff
00000000000i[BXVGA] VBE Bochs Display Extension Enabled
00000000000i[XGUI ] test_alloc_colors: 16 colors available out of 16 colors tried
00000000000i[XGUI ] font 8 wide x 16 high, display depth = 24
00000000000i[MEM0 ] rom at 0xc0000/32768 ('/usr/local/share/bochs/VGABIOS-elpin-2.40')
00000000000i[     ] init_dev of 'ioapic' plugin device by virtual method
00000000000i[IOAP ] initializing I/O APIC
00000000000i[MEM0 ] Register memory access handlers: 0x00000000fec00000 - 0x00000000fec00fff
00000000000i[     ] init_dev of 'keyboard' plugin device by virtual method
00000000000i[KBD  ] will paste characters every 1000 keyboard ticks
00000000000i[     ] init_dev of 'harddrv' plugin device by virtual method
00000000000i[HD   ] CD on ata0-1: 'zenglOX.iso'
00000000000i[CD1  ] load cdrom with path=zenglOX.iso
00000000000i[CD1  ] Opening image file as a cd.
00000000000i[HD   ] Media present in CD-ROM drive
00000000000i[HD   ] Capacity is 983 sectors (1.92 MB)
00000000000i[HD   ] Using boot sequence cdrom, none, none
00000000000i[HD   ] Floppy boot signature check is enabled
00000000000i[     ] init_dev of 'unmapped' plugin device by virtual method
00000000000i[     ] init_dev of 'biosdev' plugin device by virtual method
00000000000i[     ] init_dev of 'speaker' plugin device by virtual method
00000000000i[     ] init_dev of 'extfpuirq' plugin device by virtual method
00000000000i[     ] init_dev of 'parallel' plugin device by virtual method
00000000000i[PAR  ] parallel port 1 at 0x0378 irq 7
00000000000i[     ] init_dev of 'serial' plugin device by virtual method
00000000000i[SER  ] com1 at 0x03f8 irq 4
00000000000i[     ] register state of 'cmos' plugin device by virtual method
00000000000i[     ] register state of 'dma' plugin device by virtual method
00000000000i[     ] register state of 'pic' plugin device by virtual method
00000000000i[     ] register state of 'pit' plugin device by virtual method
00000000000i[     ] register state of 'floppy' plugin device by virtual method
00000000000i[     ] register state of 'vga' plugin device by virtual method
00000000000i[     ] register state of 'unmapped' plugin device by virtual method
00000000000i[     ] register state of 'biosdev' plugin device by virtual method
00000000000i[     ] register state of 'speaker' plugin device by virtual method
00000000000i[     ] register state of 'extfpuirq' plugin device by virtual method
00000000000i[     ] register state of 'parallel' plugin device by virtual method
00000000000i[     ] register state of 'serial' plugin device by virtual method
00000000000i[     ] register state of 'ioapic' plugin device by virtual method
00000000000i[     ] register state of 'keyboard' plugin device by virtual method
00000000000i[     ] register state of 'harddrv' plugin device by virtual method
00000000000i[SYS  ] bx_pc_system_c::Reset(HARDWARE) called
00000000000i[CPU0 ] cpu hardware reset
00000000000i[APIC0] allocate APIC id=0 (MMIO enabled) to 0x00000000fee00000
00000000000i[CPU0 ] CPUID[0x00000000]: 00000002 756e6547 6c65746e 49656e69
00000000000i[CPU0 ] CPUID[0x00000001]: 00000633 00010800 00000008 1fcbfbff
00000000000i[CPU0 ] CPUID[0x00000002]: 00410601 00000000 00000000 00000000
00000000000i[CPU0 ] CPUID[0x80000000]: 80000008 00000000 00000000 00000000
00000000000i[CPU0 ] CPUID[0x80000001]: 00000000 00000000 00000000 00000000
00000000000i[CPU0 ] CPUID[0x80000002]: 20202020 20202020 20202020 6e492020
00000000000i[CPU0 ] CPUID[0x80000003]: 286c6574 50202952 69746e65 52286d75
00000000000i[CPU0 ] CPUID[0x80000004]: 20342029 20555043 20202020 00202020
00000000000i[CPU0 ] CPUID[0x80000005]: 01ff01ff 01ff01ff 40020140 40020140
00000000000i[CPU0 ] CPUID[0x80000006]: 00000000 42004200 02008140 00000000
00000000000i[CPU0 ] CPUID[0x80000007]: 00000000 00000000 00000000 00000000
00000000000i[CPU0 ] CPUID[0x80000008]: 00002028 00000000 00000000 00000000
00000000000i[     ] reset of 'cmos' plugin device by virtual method
00000000000i[     ] reset of 'dma' plugin device by virtual method
00000000000i[     ] reset of 'pic' plugin device by virtual method
00000000000i[     ] reset of 'pit' plugin device by virtual method
00000000000i[     ] reset of 'floppy' plugin device by virtual method
00000000000i[     ] reset of 'vga' plugin device by virtual method
00000000000i[     ] reset of 'ioapic' plugin device by virtual method
00000000000i[     ] reset of 'keyboard' plugin device by virtual method
00000000000i[     ] reset of 'harddrv' plugin device by virtual method
00000000000i[     ] reset of 'unmapped' plugin device by virtual method
00000000000i[     ] reset of 'biosdev' plugin device by virtual method
00000000000i[     ] reset of 'speaker' plugin device by virtual method
00000000000i[SPEAK] Using /dev/console for output
00000000000i[     ] reset of 'extfpuirq' plugin device by virtual method
00000000000i[     ] reset of 'parallel' plugin device by virtual method
00000000000i[     ] reset of 'serial' plugin device by virtual method
00000000000i[XGUI ] Mouse capture off
00000000000i[XGUI ] Mouse capture off
00000000000i[XGUI ] Mouse capture off
00000000000i[XGUI ] Mouse capture off
00000000000i[XGUI ] Mouse capture off
00000000000i[XGUI ] Mouse capture off
00000000000i[XGUI ] Mouse capture off
00000000000i[XGUI ] Mouse capture off
00000000000i[XGUI ] Mouse capture off
00000000000i[XGUI ] Mouse capture off
00000000000i[GDBST] addr 000000000000fff0 len 1
00000000000i[MEM0 ] allocate_block: block=0x0 used 0x1 of 0x18
00000000000i[XGUI ] Mouse capture off
00000000000i[GDBST] addr 000000000000fff0 len 1
00000000000i[XGUI ] Mouse capture off
00000000000i[GDBST] addr 000000000000fff0 len 1
00000000000i[XGUI ] Mouse capture off
00000000000i[GDBST] addr 000000000000fff0 len 1
00000000000i[XGUI ] Mouse capture off
00000000000i[GDBST] addr 000000000000fff0 len 1
00000000000i[XGUI ] Mouse capture off
00000000000i[GDBST] addr 000000000000fff0 len 1
00000000000i[XGUI ] Mouse capture off
00000000000i[GDBST] addr 000000000000fff0 len 8
00000000000i[XGUI ] Mouse capture off
00000000000i[GDBST] addr 000000000000fff0 len 7
00000000000i[XGUI ] Mouse capture off
00000000000i[XGUI ] Mouse capture off
00000000000i[XGUI ] Mouse capture off
00000000000i[XGUI ] Mouse capture off
00000000000i[GDBST] setting breakpoint at 100020
00000000000i[XGUI ] Mouse capture off
00000000000i[XGUI ] Mouse capture off
00000000000i[XGUI ] Mouse capture off
00000004661i[BIOS ] $Revision: 11318 $ $Date: 2012-08-06 19:59:54 +0200 (Mo, 06. Aug 2012) $
00000337542i[KBD  ] reset-disable command received
00000363304i[BIOS ] Starting rombios32
00000363738i[BIOS ] Shutdown flag 0
00000364333i[BIOS ] ram_size=0x01800000
00000364754i[BIOS ] ram_end=24MB
00000860677i[BIOS ] Found 1 cpu(s)
00000874859i[BIOS ] bios_table_addr: 0x000fa438 end=0x000fcc00
00000893319i[BIOS ] bios_table_cur_addr: 0x000fa438
00002000003i[XGUI ] charmap update. Font Height is 16
00054892810i[BIOS ] IDE time out
00203247315i[BIOS ] Booting from 07c0:0000
00203255653i[MEM0 ] allocate_block: block=0x1 used 0x2 of 0x18
00213160423i[MEM0 ] allocate_block: block=0x17 used 0x3 of 0x18
00222243683i[MEM0 ] allocate_block: block=0x16 used 0x4 of 0x18
00255787211i[GDBST] found breakpoint at 100020
00255787211i[GDBST] stopped with ac1
00255787211i[XGUI ] Mouse capture off
00255787211i[XGUI ] Mouse capture off
00255787211i[GDBST] reg 8 set to 0000000000100020
00255787211i[XGUI ] Mouse capture off
00255787211i[GDBST] reg 41 set to 00000000ffffffff
00255787211i[XGUI ] Mouse capture off
00255787211i[GDBST] Removing breakpoint at 100020
00255787211i[XGUI ] Mouse capture off
00255787211i[GDBST] addr 0000000000100020 len 1
00255787211i[XGUI ] Mouse capture off
00255787211i[GDBST] addr 0000000000100000 len 1
00255787211i[XGUI ] Mouse capture off
00255787211i[GDBST] addr 0000000000100001 len 1
00255787211i[XGUI ] Mouse capture off
00255787211i[GDBST] addr 0000000000100002 len 1
00255787211i[XGUI ] Mouse capture off
00255787211i[GDBST] addr 0000000000100003 len 1
00255787211i[XGUI ] Mouse capture off
00255787211i[GDBST] addr 0000000000100004 len 1
00255787211i[XGUI ] Mouse capture off
00255787211i[GDBST] addr 0000000000100005 len 1
00255787211i[XGUI ] Mouse capture off
00255787211i[GDBST] addr 0000000000100006 len 1
00255787211i[XGUI ] Mouse capture off
00255787211i[GDBST] addr 0000000000100007 len 1
00255787211i[XGUI ] Mouse capture off
00255787211i[GDBST] addr 0000000000100008 len 1
00255787211i[XGUI ] Mouse capture off
00255787211i[GDBST] addr 0000000000100009 len 1
00255787211i[XGUI ] Mouse capture off
00255787211i[GDBST] addr 000000000010000a len 1
00255787211i[XGUI ] Mouse capture off
00255787211i[GDBST] addr 000000000010000b len 1
00255787211i[XGUI ] Mouse capture off
00255787211i[GDBST] addr 000000000010000c len 1
00255787211i[XGUI ] Mouse capture off
00255787211i[GDBST] addr 000000000010000d len 1
00255787211i[XGUI ] Mouse capture off
00255787211i[GDBST] addr 000000000010000e len 1
00255787211i[XGUI ] Mouse capture off
00255787211i[GDBST] addr 000000000010000f len 1
00255787211i[XGUI ] Mouse capture off
00255787211i[GDBST] addr 0000000000100010 len 1
00255787211i[XGUI ] Mouse capture off
00255787211i[GDBST] addr 0000000000100011 len 1
00255787211i[XGUI ] Mouse capture off
00255787211i[GDBST] addr 0000000000100012 len 1
00255787211i[XGUI ] Mouse capture off
00255787211i[GDBST] addr 0000000000100013 len 1
00255787211i[XGUI ] Mouse capture off
00255787211i[GDBST] addr 0000000000100014 len 1
00255787211i[XGUI ] Mouse capture off
00255787211i[GDBST] addr 0000000000100015 len 1
00255787211i[XGUI ] Mouse capture off
00255787211i[GDBST] addr 0000000000100016 len 1
00255787211i[XGUI ] Mouse capture off
00255787211i[GDBST] addr 0000000000100017 len 1
00255787211i[XGUI ] Mouse capture off
00255787211i[GDBST] addr 0000000000100018 len 1
00255787211i[XGUI ] Mouse capture off
00255787211i[GDBST] addr 0000000000100019 len 1
00255787211i[XGUI ] Mouse capture off
00255787211i[GDBST] addr 000000000010001a len 1
00255787211i[XGUI ] Mouse capture off
00255787211i[GDBST] addr 000000000010001b len 1
00255787211i[XGUI ] Mouse capture off
00255787211i[GDBST] addr 000000000010001c len 1
00255787211i[XGUI ] Mouse capture off
00255787211i[GDBST] addr 000000000010001d len 1
00255787211i[XGUI ] Mouse capture off
00255787211i[GDBST] addr 000000000010001e len 1
00255787211i[XGUI ] Mouse capture off
00255787211i[GDBST] addr 000000000010001f len 1
00255787211i[XGUI ] Mouse capture off
00255787211i[XGUI ] Mouse capture off
00255787211i[GDBST] stepping
00255787212i[GDBST] stopped with ac2
00255787212i[XGUI ] Mouse capture off
00255787212i[XGUI ] Mouse capture off
00255787212i[GDBST] addr 0000000000100021 len 1
00255787212i[XGUI ] Mouse capture off
00255787212i[XGUI ] Mouse capture off
00255787212i[GDBST] setting breakpoint at 100020
00255787212i[XGUI ] Mouse capture off
00255787212i[XGUI ] Mouse capture off
00255787212i[GDBST] stepping
00255787213i[GDBST] stopped with ac2
00255787213i[XGUI ] Mouse capture off
00255787213i[XGUI ] Mouse capture off
00255787213i[GDBST] addr 0000000000100022 len 1
00255787213i[XGUI ] Mouse capture off
00255787213i[GDBST] Removing breakpoint at 100020
00255787213i[XGUI ] Mouse capture off
00255787213i[XGUI ] Mouse capture off
00255787213i[GDBST] setting breakpoint at 100020
00255787213i[XGUI ] Mouse capture off
00255787213i[GDBST] stepping
00255787214i[GDBST] stopped with ac2
00255787214i[XGUI ] Mouse capture off
00255787214i[XGUI ] Mouse capture off
00255787214i[GDBST] addr 000000000007fec0 len 40
00255787214i[XGUI ] Mouse capture off
00255787214i[GDBST] addr 000000000010002c len 1
00255787214i[XGUI ] Mouse capture off
00255787214i[GDBST] addr 000000000010002c len 1
00255787214i[XGUI ] Mouse capture off
00255787214i[GDBST] addr 000000000010002c len 1
00255787214i[XGUI ] Mouse capture off
00255787214i[GDBST] addr 000000000010002c len 1
00255787214i[XGUI ] Mouse capture off
00255787214i[GDBST] addr 000000000010002c len e
00255787214i[XGUI ] Mouse capture off
00255787214i[GDBST] addr 000000000010002c len 1
00255787214i[XGUI ] Mouse capture off
00255787214i[GDBST] addr 000000000010002d len 1
00255787214i[XGUI ] Mouse capture off
00255787214i[GDBST] addr 000000000010002d len 1
00255787214i[XGUI ] Mouse capture off
00255787214i[GDBST] addr 000000000010002d len 1
00255787214i[XGUI ] Mouse capture off
00255787214i[GDBST] addr 000000000010002d len 1
00255787214i[XGUI ] Mouse capture off
00255787214i[GDBST] addr 000000000010002d len 1
00255787214i[XGUI ] Mouse capture off
00255787214i[GDBST] addr 000000000010002d len 1
00255787214i[XGUI ] Mouse capture off
00255787214i[GDBST] addr 000000000010002e len 5
00255787214i[XGUI ] Mouse capture off
00255787214i[GDBST] addr 000000000010002d len 1
00255787214i[XGUI ] Mouse capture off
00255787214i[GDBST] addr 000000000010002e len 5
00255787214i[XGUI ] Mouse capture off
00255787214i[GDBST] addr 000000000010002d len 1
00255787214i[XGUI ] Mouse capture off
00255787214i[GDBST] addr 000000000010002d len 1
00255787214i[XGUI ] Mouse capture off
00255787214i[GDBST] addr 000000000010002d len 1
00255787214i[XGUI ] Mouse capture off
00255787214i[GDBST] addr 000000000010002d len 1
00255787214i[XGUI ] Mouse capture off
00255787214i[GDBST] addr 000000000010002d len 1
00255787214i[XGUI ] Mouse capture off
00255787214i[GDBST] addr 000000000010002d len 1
00255787214i[XGUI ] Mouse capture off
00255787214i[GDBST] addr 000000000010002d len 1
00255787214i[XGUI ] Mouse capture off
00255787214i[GDBST] addr 000000000010002e len 1
00255787214i[XGUI ] Mouse capture off
00255787214i[GDBST] addr 000000000010002f len 1
00255787214i[XGUI ] Mouse capture off
00255787214i[GDBST] addr 000000000010002f len 1
00255787214i[XGUI ] Mouse capture off
00255787214i[GDBST] addr 000000000010002f len 1
00255787214i[XGUI ] Mouse capture off
00255787214i[GDBST] addr 000000000010002c len 1
00255787214i[XGUI ] Mouse capture off
00255787214i[XGUI ] Mouse capture off
00255787214i[XGUI ] Mouse capture off
00255787214i[GDBST] setting breakpoint at 10002f
00255787214i[XGUI ] Mouse capture off
00255787216i[GDBST] found breakpoint at 10002f
00255787216i[GDBST] stopped with ac1
00255787216i[XGUI ] Mouse capture off
00255787216i[XGUI ] Mouse capture off
00255787216i[GDBST] reg 8 set to 000000000010002f
00255787216i[XGUI ] Mouse capture off
00255787216i[GDBST] reg 41 set to 00000000ffffffff
00255787216i[XGUI ] Mouse capture off
00255787216i[GDBST] Removing breakpoint at 10002f
00255787216i[XGUI ] Mouse capture off
00255787216i[GDBST] addr 000000000007fec0 len 40
00255787216i[XGUI ] Mouse capture off
00255787216i[GDBST] addr 000000000010002c len 1
00255787216i[XGUI ] Mouse capture off
00255787216i[GDBST] addr 000000000010002c len 1
00255787216i[XGUI ] Mouse capture off
00255787216i[GDBST] addr 000000000010002c len 1
00255787216i[XGUI ] Mouse capture off
00255787216i[GDBST] addr 000000000010002c len 1
00255787216i[XGUI ] Mouse capture off
00255787216i[GDBST] addr 000000000010002c len e
00255787216i[XGUI ] Mouse capture off
00255787216i[GDBST] addr 000000000010002c len 1
00255787216i[XGUI ] Mouse capture off
00255787216i[GDBST] addr 000000000010002d len 1
00255787216i[XGUI ] Mouse capture off
00255787216i[GDBST] addr 000000000010002d len 1
00255787216i[XGUI ] Mouse capture off
00255787216i[GDBST] addr 000000000010002d len 1
00255787216i[XGUI ] Mouse capture off
00255787216i[GDBST] addr 000000000010002d len 1
00255787216i[XGUI ] Mouse capture off
00255787216i[GDBST] addr 000000000010002d len 1
00255787216i[XGUI ] Mouse capture off
00255787216i[GDBST] addr 000000000010002d len 1
00255787216i[XGUI ] Mouse capture off
00255787216i[GDBST] addr 000000000010002e len 5
00255787216i[XGUI ] Mouse capture off
00255787216i[GDBST] addr 000000000010002d len 1
00255787216i[XGUI ] Mouse capture off
00255787216i[GDBST] addr 000000000010002e len 5
00255787216i[XGUI ] Mouse capture off
00255787216i[GDBST] addr 000000000010002d len 1
00255787216i[XGUI ] Mouse capture off
00255787216i[GDBST] addr 000000000010002d len 1
00255787216i[XGUI ] Mouse capture off
00255787216i[GDBST] addr 000000000010002d len 1
00255787216i[XGUI ] Mouse capture off
00255787216i[GDBST] addr 000000000010002d len 1
00255787216i[XGUI ] Mouse capture off
00255787216i[GDBST] addr 000000000010002d len 1
00255787216i[XGUI ] Mouse capture off
00255787216i[GDBST] addr 000000000010002d len 1
00255787216i[XGUI ] Mouse capture off
00255787216i[GDBST] addr 000000000010002d len 1
00255787216i[XGUI ] Mouse capture off
00255787216i[GDBST] addr 000000000010002e len 1
00255787216i[XGUI ] Mouse capture off
00255787216i[GDBST] addr 000000000010002f len 1
00255787216i[XGUI ] Mouse capture off
00255787216i[GDBST] addr 000000000010002f len 1
00255787216i[XGUI ] Mouse capture off
00255787216i[GDBST] addr 000000000010002f len 1
00255787216i[XGUI ] Mouse capture off
00255787216i[GDBST] addr 000000000010002c len 1
00255787216i[XGUI ] Mouse capture off
00255787216i[GDBST] Removing breakpoint at 100020
00255787216i[XGUI ] Mouse capture off
00255787216i[XGUI ] Mouse capture off
00255787216i[GDBST] setting breakpoint at 100020
00255787216i[XGUI ] Mouse capture off
00255787216i[GDBST] stepping
00255787217i[GDBST] stopped with ac2
00255787217i[XGUI ] Mouse capture off
00255787217i[XGUI ] Mouse capture off
00255787217i[GDBST] addr 000000000007fec0 len 40
00255787217i[XGUI ] Mouse capture off
00255787217i[GDBST] Removing breakpoint at 100020
00255787217i[XGUI ] Mouse capture off
00255787217i[XGUI ] Mouse capture off
00255787217i[GDBST] setting breakpoint at 100020
00255787217i[XGUI ] Mouse capture off
00255787217i[GDBST] stepping
00255787218i[GDBST] stopped with ac2
00255787218i[XGUI ] Mouse capture off
00255787218i[XGUI ] Mouse capture off
00255787218i[XGUI ] Mouse capture off
00255787218i[GDBST] stepping
00255787219i[GDBST] stopped with ac2
00255787219i[XGUI ] Mouse capture off
00255787219i[XGUI ] Mouse capture off
00255787219i[GDBST] addr 0000000000100027 len 1
00255787219i[XGUI ] Mouse capture off
00255787219i[GDBST] Removing breakpoint at 100020
00255787219i[XGUI ] Mouse capture off
00255787219i[XGUI ] Mouse capture off
00255787219i[GDBST] setting breakpoint at 100020
00255787219i[XGUI ] Mouse capture off
00255787219i[GDBST] stepping
00255787219i[CPU0 ] WARNING: HLT instruction with IF=0!
00255787220i[GDBST] stopped with ac2
00255787220i[XGUI ] Mouse capture off
00255787220i[XGUI ] Mouse capture off
00255787220i[GDBST] addr 0000000000100028 len 1
00255787220i[XGUI ] Mouse capture off
00255787220i[GDBST] Removing breakpoint at 100020
00255787220i[XGUI ] Mouse capture off
00255787220i[XGUI ] Mouse capture off
00255787220i[GDBST] setting breakpoint at 100020
00255787220i[XGUI ] Mouse capture off
00255787220i[GDBST] stepping
01696550000p[XGUI ] >>PANIC<< POWER button turned off.
01696550000i[CPU0 ] CPU is in protected mode (halted)
01696550000i[CPU0 ] CS.mode = 32 bit
01696550000i[CPU0 ] SS.mode = 32 bit
01696550000i[CPU0 ] EFER   = 0x00000000
01696550000i[CPU0 ] | EAX=00010000  EBX=00010000  ECX=00000000  EDX=00000000
01696550000i[CPU0 ] | ESP=0007fefc  EBP=00000000  ESI=00000000  EDI=00000000
01696550000i[CPU0 ] | IOPL=0 ID vip vif ac vm rf nt of df if tf sf ZF af PF cf
01696550000i[CPU0 ] | SEG sltr(index|ti|rpl)     base    limit G D
01696550000i[CPU0 ] |  CS:0010( 0002| 0|  0) 00000000 ffffffff 1 1
01696550000i[CPU0 ] |  DS:0018( 0003| 0|  0) 00000000 ffffffff 1 1
01696550000i[CPU0 ] |  SS:0018( 0003| 0|  0) 00000000 ffffffff 1 1
01696550000i[CPU0 ] |  ES:0018( 0003| 0|  0) 00000000 ffffffff 1 1
01696550000i[CPU0 ] |  FS:0018( 0003| 0|  0) 00000000 ffffffff 1 1
01696550000i[CPU0 ] |  GS:0018( 0003| 0|  0) 00000000 ffffffff 1 1
01696550000i[CPU0 ] | EIP=00100028 (00100028)
01696550000i[CPU0 ] | CR0=0x60000011 CR2=0x00000000
01696550000i[CPU0 ] | CR3=0x00000000 CR4=0x00000000
01696550000i[CPU0 ] 0x00100028>> jmp .-2 (0x00100028) : EBFE
01696550000i[CMOS ] Last time is 1393156240 (Sun Feb 23 19:50:40 2014)
01696550000i[XGUI ] Exit
01696550000i[     ] restoring default signal behavior
01696550000i[CTRL ] quit_sim called with exit code 1
